<?xml version="1.0" encoding="UTF-8"?>
<!-- Generated by org.testng.reporters.JUnitReportReporter -->
<testsuite skipped="0" hostname="DESKTOP-AFF8GMV" name="androidTest" tests="1" failures="0" timestamp="25 Aug 2020 15:50:59 GMT" time="9.987" errors="0">
  <testcase name="f" time="9.987" classname="androidTest"/>
</testsuite> <!-- androidTest -->
