<?xml version="1.0" encoding="UTF-8"?>
<!-- Generated by org.testng.reporters.JUnitReportReporter -->
<testsuite skipped="0" hostname="DESKTOP-AFF8GMV" name="NewTest" tests="1" failures="0" timestamp="24 Aug 2020 06:37:08 GMT" time="10.889" errors="0">
  <testcase name="f" time="10.889" classname="NewTest"/>
</testsuite> <!-- NewTest -->
