<?xml version="1.0" encoding="UTF-8"?>
<!-- Generated by org.testng.reporters.JUnitReportReporter -->
<testsuite skipped="0" hostname="DESKTOP-AFF8GMV" name="IosTest" tests="1" failures="0" timestamp="25 Aug 2020 15:52:34 GMT" time="10.174" errors="0">
  <testcase name="f" time="10.174" classname="IosTest"/>
</testsuite> <!-- IosTest -->
